<?xml version="1.0" encoding="UTF-8"?>
<testsuite xmlns:xsi="http://www.w3.org/2001/XMLSchema-instance" xsi:noNamespaceSchemaLocation="https://maven.apache.org/surefire/maven-surefire-plugin/xsd/surefire-test-report.xsd" name="com.aisle.service.impl.GameOfLifeImplTest" time="0.046" tests="4" errors="0" skipped="0" failures="0">
  <properties>
    <property name="sun.desktop" value="gnome"/>
    <property name="awt.toolkit" value="sun.awt.X11.XToolkit"/>
    <property name="file.encoding.pkg" value="sun.io"/>
    <property name="java.specification.version" value="1.8"/>
    <property name="sun.cpu.isalist" value=""/>
    <property name="sun.jnu.encoding" value="UTF-8"/>
    <property name="java.class.path" value="/home/shweta/final-polling-app/aisle-game-of-life/target/test-classes:/home/shweta/final-polling-app/aisle-game-of-life/target/classes:/home/shweta/.m2/repository/org/junit/jupiter/junit-jupiter/5.8.2/junit-jupiter-5.8.2.jar:/home/shweta/.m2/repository/org/junit/jupiter/junit-jupiter-api/5.8.2/junit-jupiter-api-5.8.2.jar:/home/shweta/.m2/repository/org/opentest4j/opentest4j/1.2.0/opentest4j-1.2.0.jar:/home/shweta/.m2/repository/org/junit/platform/junit-platform-commons/1.8.2/junit-platform-commons-1.8.2.jar:/home/shweta/.m2/repository/org/apiguardian/apiguardian-api/1.1.2/apiguardian-api-1.1.2.jar:/home/shweta/.m2/repository/org/junit/jupiter/junit-jupiter-params/5.8.2/junit-jupiter-params-5.8.2.jar:/home/shweta/.m2/repository/org/junit/jupiter/junit-jupiter-engine/5.8.2/junit-jupiter-engine-5.8.2.jar:/home/shweta/.m2/repository/org/junit/platform/junit-platform-engine/1.8.2/junit-platform-engine-1.8.2.jar:"/>
    <property name="java.vm.vendor" value="Amazon.com Inc."/>
    <property name="sun.arch.data.model" value="64"/>
    <property name="java.vendor.url" value="https://aws.amazon.com/corretto/"/>
    <property name="user.timezone" value=""/>
    <property name="java.vm.specification.version" value="1.8"/>
    <property name="os.name" value="Linux"/>
    <property name="user.country" value="US"/>
    <property name="sun.java.launcher" value="SUN_STANDARD"/>
    <property name="sun.boot.library.path" value="/usr/lib/jvm/java-1.8.0-amazon-corretto/jre/lib/amd64"/>
    <property name="sun.java.command" value="/home/shweta/final-polling-app/aisle-game-of-life/target/surefire/surefirebooter4872523668862689233.jar /home/shweta/final-polling-app/aisle-game-of-life/target/surefire 2022-06-11T18-16-57_253-jvmRun1 surefire5519516855911473488tmp surefire_05426544762962378658tmp"/>
    <property name="surefire.test.class.path" value="/home/shweta/final-polling-app/aisle-game-of-life/target/test-classes:/home/shweta/final-polling-app/aisle-game-of-life/target/classes:/home/shweta/.m2/repository/org/junit/jupiter/junit-jupiter/5.8.2/junit-jupiter-5.8.2.jar:/home/shweta/.m2/repository/org/junit/jupiter/junit-jupiter-api/5.8.2/junit-jupiter-api-5.8.2.jar:/home/shweta/.m2/repository/org/opentest4j/opentest4j/1.2.0/opentest4j-1.2.0.jar:/home/shweta/.m2/repository/org/junit/platform/junit-platform-commons/1.8.2/junit-platform-commons-1.8.2.jar:/home/shweta/.m2/repository/org/apiguardian/apiguardian-api/1.1.2/apiguardian-api-1.1.2.jar:/home/shweta/.m2/repository/org/junit/jupiter/junit-jupiter-params/5.8.2/junit-jupiter-params-5.8.2.jar:/home/shweta/.m2/repository/org/junit/jupiter/junit-jupiter-engine/5.8.2/junit-jupiter-engine-5.8.2.jar:/home/shweta/.m2/repository/org/junit/platform/junit-platform-engine/1.8.2/junit-platform-engine-1.8.2.jar:"/>
    <property name="sun.cpu.endian" value="little"/>
    <property name="user.home" value="/home/shweta"/>
    <property name="user.language" value="en"/>
    <property name="java.specification.vendor" value="Oracle Corporation"/>
    <property name="java.home" value="/usr/lib/jvm/java-1.8.0-amazon-corretto/jre"/>
    <property name="basedir" value="/home/shweta/final-polling-app/aisle-game-of-life"/>
    <property name="file.separator" value="/"/>
    <property name="line.separator" value="&#10;"/>
    <property name="java.vm.specification.vendor" value="Oracle Corporation"/>
    <property name="java.specification.name" value="Java Platform API Specification"/>
    <property name="java.awt.graphicsenv" value="sun.awt.X11GraphicsEnvironment"/>
    <property name="surefire.real.class.path" value="/home/shweta/final-polling-app/aisle-game-of-life/target/surefire/surefirebooter4872523668862689233.jar"/>
    <property name="sun.boot.class.path" value="/usr/lib/jvm/java-1.8.0-amazon-corretto/jre/lib/resources.jar:/usr/lib/jvm/java-1.8.0-amazon-corretto/jre/lib/rt.jar:/usr/lib/jvm/java-1.8.0-amazon-corretto/jre/lib/sunrsasign.jar:/usr/lib/jvm/java-1.8.0-amazon-corretto/jre/lib/jsse.jar:/usr/lib/jvm/java-1.8.0-amazon-corretto/jre/lib/jce.jar:/usr/lib/jvm/java-1.8.0-amazon-corretto/jre/lib/charsets.jar:/usr/lib/jvm/java-1.8.0-amazon-corretto/jre/lib/jfr.jar:/usr/lib/jvm/java-1.8.0-amazon-corretto/jre/classes"/>
    <property name="sun.management.compiler" value="HotSpot 64-Bit Tiered Compilers"/>
    <property name="java.runtime.version" value="1.8.0_292-b10"/>
    <property name="user.name" value="shweta"/>
    <property name="path.separator" value=":"/>
    <property name="os.version" value="5.13.0-41-generic"/>
    <property name="java.endorsed.dirs" value="/usr/lib/jvm/java-1.8.0-amazon-corretto/jre/lib/endorsed"/>
    <property name="java.runtime.name" value="OpenJDK Runtime Environment"/>
    <property name="file.encoding" value="UTF-8"/>
    <property name="java.vm.name" value="OpenJDK 64-Bit Server VM"/>
    <property name="localRepository" value="/home/shweta/.m2/repository"/>
    <property name="java.vendor.url.bug" value="https://github.com/corretto/corretto-8/issues/"/>
    <property name="java.io.tmpdir" value="/tmp"/>
    <property name="java.version" value="1.8.0_292"/>
    <property name="user.dir" value="/home/shweta/final-polling-app/aisle-game-of-life"/>
    <property name="os.arch" value="amd64"/>
    <property name="java.vm.specification.name" value="Java Virtual Machine Specification"/>
    <property name="java.awt.printerjob" value="sun.print.PSPrinterJob"/>
    <property name="sun.os.patch.level" value="unknown"/>
    <property name="java.library.path" value="/usr/java/packages/lib/amd64:/usr/lib64:/lib64:/lib:/usr/lib"/>
    <property name="java.vm.info" value="mixed mode"/>
    <property name="java.vendor" value="Amazon.com Inc."/>
    <property name="java.vm.version" value="25.292-b10"/>
    <property name="java.ext.dirs" value="/usr/lib/jvm/java-1.8.0-amazon-corretto/jre/lib/ext:/usr/java/packages/lib/ext"/>
    <property name="sun.io.unicode.encoding" value="UnicodeLittle"/>
    <property name="java.class.version" value="52.0"/>
  </properties>
  <testcase name="testBlockPattern" classname="com.aisle.service.impl.GameOfLifeImplTest" time="0.03"/>
  <testcase name="testBlinkerPattern" classname="com.aisle.service.impl.GameOfLifeImplTest" time="0"/>
  <testcase name="testToadPattern" classname="com.aisle.service.impl.GameOfLifeImplTest" time="0.002"/>
  <testcase name="testBoatPattern" classname="com.aisle.service.impl.GameOfLifeImplTest" time="0.001"/>
</testsuite>